{"/Users/wilsonfaustino/www/cursos/branas.io/Javascript_Masterclass/src/database-error.mjs": {"path":"/Users/wilsonfaustino/www/cursos/branas.io/Javascript_Masterclass/src/database-error.mjs","all":false,"statementMap":{"0":{"start":{"line":1,"column":0},"end":{"line":1,"column":28}},"1":{"start":{"line":2,"column":0},"end":{"line":2,"column":35}},"2":{"start":{"line":3,"column":0},"end":{"line":3,"column":31}},"3":{"start":{"line":4,"column":0},"end":{"line":4,"column":27}},"4":{"start":{"line":5,"column":0},"end":{"line":5,"column":3}},"5":{"start":{"line":6,"column":0},"end":{"line":6,"column":1}}},"s":{"0":1,"1":1,"2":2,"3":2,"4":2,"5":1},"branchMap":{"0":{"type":"branch","line":1,"loc":{"start":{"line":1,"column":0},"end":{"line":6,"column":1}},"locations":[{"start":{"line":1,"column":0},"end":{"line":6,"column":1}}]},"1":{"type":"branch","line":2,"loc":{"start":{"line":2,"column":2},"end":{"line":5,"column":3}},"locations":[{"start":{"line":2,"column":2},"end":{"line":5,"column":3}}]}},"b":{"0":[1],"1":[2]},"fnMap":{"0":{"name":"DatabaseError","decl":{"start":{"line":2,"column":2},"end":{"line":5,"column":3}},"loc":{"start":{"line":2,"column":2},"end":{"line":5,"column":3}},"line":2}},"f":{"0":2}}
,"/Users/wilsonfaustino/www/cursos/branas.io/Javascript_Masterclass/src/database.mjs": {"path":"/Users/wilsonfaustino/www/cursos/branas.io/Javascript_Masterclass/src/database.mjs","all":false,"statementMap":{"0":{"start":{"line":1,"column":0},"end":{"line":1,"column":53}},"1":{"start":{"line":2,"column":0},"end":{"line":2,"column":38}},"2":{"start":{"line":3,"column":0},"end":{"line":3,"column":0}},"3":{"start":{"line":4,"column":0},"end":{"line":4,"column":23}},"4":{"start":{"line":5,"column":0},"end":{"line":5,"column":17}},"5":{"start":{"line":6,"column":0},"end":{"line":6,"column":21}},"6":{"start":{"line":7,"column":0},"end":{"line":7,"column":31}},"7":{"start":{"line":8,"column":0},"end":{"line":8,"column":3}},"8":{"start":{"line":9,"column":0},"end":{"line":9,"column":27}},"9":{"start":{"line":10,"column":0},"end":{"line":10,"column":49}},"10":{"start":{"line":11,"column":0},"end":{"line":11,"column":63}},"11":{"start":{"line":12,"column":0},"end":{"line":12,"column":30}},"12":{"start":{"line":13,"column":0},"end":{"line":13,"column":18}},"13":{"start":{"line":14,"column":0},"end":{"line":14,"column":15}},"14":{"start":{"line":15,"column":0},"end":{"line":15,"column":6}},"15":{"start":{"line":16,"column":0},"end":{"line":16,"column":32}},"16":{"start":{"line":17,"column":0},"end":{"line":17,"column":42}},"17":{"start":{"line":18,"column":0},"end":{"line":18,"column":50}},"18":{"start":{"line":19,"column":0},"end":{"line":19,"column":5}},"19":{"start":{"line":20,"column":0},"end":{"line":20,"column":3}},"20":{"start":{"line":21,"column":0},"end":{"line":21,"column":27}},"21":{"start":{"line":22,"column":0},"end":{"line":22,"column":66}},"22":{"start":{"line":23,"column":0},"end":{"line":23,"column":60}},"23":{"start":{"line":24,"column":0},"end":{"line":24,"column":58}},"24":{"start":{"line":25,"column":0},"end":{"line":25,"column":41}},"25":{"start":{"line":26,"column":0},"end":{"line":26,"column":30}},"26":{"start":{"line":27,"column":0},"end":{"line":27,"column":18}},"27":{"start":{"line":28,"column":0},"end":{"line":28,"column":49}},"28":{"start":{"line":29,"column":0},"end":{"line":29,"column":8}},"29":{"start":{"line":30,"column":0},"end":{"line":30,"column":5}},"30":{"start":{"line":31,"column":0},"end":{"line":31,"column":49}},"31":{"start":{"line":32,"column":0},"end":{"line":32,"column":26}},"32":{"start":{"line":33,"column":0},"end":{"line":33,"column":17}},"33":{"start":{"line":34,"column":0},"end":{"line":34,"column":11}},"34":{"start":{"line":35,"column":0},"end":{"line":35,"column":0}},"35":{"start":{"line":36,"column":0},"end":{"line":36,"column":43}},"36":{"start":{"line":37,"column":0},"end":{"line":37,"column":3}},"37":{"start":{"line":38,"column":0},"end":{"line":38,"column":27}},"38":{"start":{"line":39,"column":0},"end":{"line":39,"column":69}},"39":{"start":{"line":40,"column":0},"end":{"line":40,"column":58}},"40":{"start":{"line":41,"column":0},"end":{"line":41,"column":43}},"41":{"start":{"line":42,"column":0},"end":{"line":42,"column":39}},"42":{"start":{"line":43,"column":0},"end":{"line":43,"column":32}},"43":{"start":{"line":44,"column":0},"end":{"line":44,"column":45}},"44":{"start":{"line":45,"column":0},"end":{"line":45,"column":30}},"45":{"start":{"line":46,"column":0},"end":{"line":46,"column":21}},"46":{"start":{"line":47,"column":0},"end":{"line":47,"column":15}},"47":{"start":{"line":48,"column":0},"end":{"line":48,"column":9}},"48":{"start":{"line":49,"column":0},"end":{"line":49,"column":18}},"49":{"start":{"line":50,"column":0},"end":{"line":50,"column":5}},"50":{"start":{"line":51,"column":0},"end":{"line":51,"column":65}},"51":{"start":{"line":52,"column":0},"end":{"line":52,"column":15}},"52":{"start":{"line":53,"column":0},"end":{"line":53,"column":40}},"53":{"start":{"line":54,"column":0},"end":{"line":54,"column":19}},"54":{"start":{"line":55,"column":0},"end":{"line":55,"column":38}},"55":{"start":{"line":56,"column":0},"end":{"line":56,"column":30}},"56":{"start":{"line":57,"column":0},"end":{"line":57,"column":21}},"57":{"start":{"line":58,"column":0},"end":{"line":58,"column":14}},"58":{"start":{"line":59,"column":0},"end":{"line":59,"column":8}},"59":{"start":{"line":60,"column":0},"end":{"line":60,"column":16}},"60":{"start":{"line":61,"column":0},"end":{"line":61,"column":3}},"61":{"start":{"line":62,"column":0},"end":{"line":62,"column":27}},"62":{"start":{"line":63,"column":0},"end":{"line":63,"column":52}},"63":{"start":{"line":64,"column":0},"end":{"line":64,"column":68}},"64":{"start":{"line":65,"column":0},"end":{"line":65,"column":43}},"65":{"start":{"line":66,"column":0},"end":{"line":66,"column":54}},"66":{"start":{"line":67,"column":0},"end":{"line":67,"column":39}},"67":{"start":{"line":68,"column":0},"end":{"line":68,"column":3}},"68":{"start":{"line":69,"column":0},"end":{"line":69,"column":22}},"69":{"start":{"line":70,"column":0},"end":{"line":70,"column":45}},"70":{"start":{"line":71,"column":0},"end":{"line":71,"column":24}},"71":{"start":{"line":72,"column":0},"end":{"line":72,"column":52}},"72":{"start":{"line":73,"column":0},"end":{"line":73,"column":22}},"73":{"start":{"line":74,"column":0},"end":{"line":74,"column":55}},"74":{"start":{"line":75,"column":0},"end":{"line":75,"column":56}},"75":{"start":{"line":76,"column":0},"end":{"line":76,"column":16}},"76":{"start":{"line":77,"column":0},"end":{"line":77,"column":9}},"77":{"start":{"line":78,"column":0},"end":{"line":78,"column":62}},"78":{"start":{"line":79,"column":0},"end":{"line":79,"column":14}},"79":{"start":{"line":80,"column":0},"end":{"line":80,"column":7}},"80":{"start":{"line":81,"column":0},"end":{"line":81,"column":3}},"81":{"start":{"line":82,"column":0},"end":{"line":82,"column":1}}},"s":{"0":1,"1":1,"2":1,"3":1,"4":1,"5":7,"6":7,"7":7,"8":1,"9":5,"10":5,"11":5,"12":5,"13":5,"14":5,"15":5,"16":14,"17":14,"18":14,"19":5,"20":1,"21":6,"22":6,"23":6,"24":6,"25":1,"26":1,"27":1,"28":1,"29":1,"30":5,"31":15,"32":15,"33":5,"34":5,"35":5,"36":6,"37":1,"38":2,"39":2,"40":2,"41":2,"42":1,"43":2,"44":6,"45":6,"46":2,"47":1,"48":1,"49":1,"50":1,"51":1,"52":1,"53":1,"54":1,"55":2,"56":2,"57":1,"58":1,"59":1,"60":2,"61":1,"62":1,"63":1,"64":1,"65":1,"66":1,"67":1,"68":1,"69":14,"70":14,"71":14,"72":14,"73":1,"74":1,"75":1,"76":1,"77":13,"78":14,"79":14,"80":14,"81":1},"branchMap":{"0":{"type":"branch","line":1,"loc":{"start":{"line":1,"column":0},"end":{"line":82,"column":1}},"locations":[{"start":{"line":1,"column":0},"end":{"line":82,"column":1}}]},"1":{"type":"branch","line":5,"loc":{"start":{"line":5,"column":2},"end":{"line":8,"column":3}},"locations":[{"start":{"line":5,"column":2},"end":{"line":8,"column":3}}]},"2":{"type":"branch","line":9,"loc":{"start":{"line":9,"column":2},"end":{"line":20,"column":3}},"locations":[{"start":{"line":9,"column":2},"end":{"line":20,"column":3}}]},"3":{"type":"branch","line":16,"loc":{"start":{"line":16,"column":31},"end":{"line":19,"column":5}},"locations":[{"start":{"line":16,"column":31},"end":{"line":19,"column":5}}]},"4":{"type":"branch","line":11,"loc":{"start":{"line":11,"column":40},"end":{"line":11,"column":61}},"locations":[{"start":{"line":11,"column":40},"end":{"line":11,"column":61}}]},"5":{"type":"branch","line":21,"loc":{"start":{"line":21,"column":2},"end":{"line":37,"column":3}},"locations":[{"start":{"line":21,"column":2},"end":{"line":37,"column":3}}]},"6":{"type":"branch","line":25,"loc":{"start":{"line":25,"column":40},"end":{"line":30,"column":5}},"locations":[{"start":{"line":25,"column":40},"end":{"line":30,"column":5}}]},"7":{"type":"branch","line":31,"loc":{"start":{"line":31,"column":-1},"end":{"line":37,"column":2}},"locations":[{"start":{"line":31,"column":-1},"end":{"line":37,"column":2}}]},"8":{"type":"branch","line":23,"loc":{"start":{"line":23,"column":37},"end":{"line":23,"column":58}},"locations":[{"start":{"line":23,"column":37},"end":{"line":23,"column":58}}]},"9":{"type":"branch","line":24,"loc":{"start":{"line":24,"column":35},"end":{"line":24,"column":56}},"locations":[{"start":{"line":24,"column":35},"end":{"line":24,"column":56}}]},"10":{"type":"branch","line":31,"loc":{"start":{"line":31,"column":32},"end":{"line":34,"column":5}},"locations":[{"start":{"line":31,"column":32},"end":{"line":34,"column":5}}]},"11":{"type":"branch","line":38,"loc":{"start":{"line":38,"column":2},"end":{"line":61,"column":3}},"locations":[{"start":{"line":38,"column":2},"end":{"line":61,"column":3}}]},"12":{"type":"branch","line":42,"loc":{"start":{"line":42,"column":38},"end":{"line":61,"column":2}},"locations":[{"start":{"line":42,"column":38},"end":{"line":61,"column":2}}]},"13":{"type":"branch","line":40,"loc":{"start":{"line":40,"column":37},"end":{"line":40,"column":56}},"locations":[{"start":{"line":40,"column":37},"end":{"line":40,"column":56}}]},"14":{"type":"branch","line":43,"loc":{"start":{"line":43,"column":22},"end":{"line":48,"column":7}},"locations":[{"start":{"line":43,"column":22},"end":{"line":48,"column":7}}]},"15":{"type":"branch","line":44,"loc":{"start":{"line":44,"column":30},"end":{"line":47,"column":9}},"locations":[{"start":{"line":44,"column":30},"end":{"line":47,"column":9}}]},"16":{"type":"branch","line":51,"loc":{"start":{"line":51,"column":48},"end":{"line":51,"column":63}},"locations":[{"start":{"line":51,"column":48},"end":{"line":51,"column":63}}]},"17":{"type":"branch","line":53,"loc":{"start":{"line":53,"column":14},"end":{"line":53,"column":39}},"locations":[{"start":{"line":53,"column":14},"end":{"line":53,"column":39}}]},"18":{"type":"branch","line":54,"loc":{"start":{"line":54,"column":11},"end":{"line":58,"column":14}},"locations":[{"start":{"line":54,"column":11},"end":{"line":58,"column":14}}]},"19":{"type":"branch","line":55,"loc":{"start":{"line":55,"column":23},"end":{"line":58,"column":9}},"locations":[{"start":{"line":55,"column":23},"end":{"line":58,"column":9}}]},"20":{"type":"branch","line":62,"loc":{"start":{"line":62,"column":2},"end":{"line":68,"column":3}},"locations":[{"start":{"line":62,"column":2},"end":{"line":68,"column":3}}]},"21":{"type":"branch","line":64,"loc":{"start":{"line":64,"column":51},"end":{"line":64,"column":66}},"locations":[{"start":{"line":64,"column":51},"end":{"line":64,"column":66}}]},"22":{"type":"branch","line":66,"loc":{"start":{"line":66,"column":23},"end":{"line":66,"column":52}},"locations":[{"start":{"line":66,"column":23},"end":{"line":66,"column":52}}]},"23":{"type":"branch","line":69,"loc":{"start":{"line":69,"column":2},"end":{"line":81,"column":3}},"locations":[{"start":{"line":69,"column":2},"end":{"line":81,"column":3}}]},"24":{"type":"branch","line":70,"loc":{"start":{"line":70,"column":23},"end":{"line":80,"column":5}},"locations":[{"start":{"line":70,"column":23},"end":{"line":80,"column":5}}]},"25":{"type":"branch","line":71,"loc":{"start":{"line":71,"column":17},"end":{"line":79,"column":7}},"locations":[{"start":{"line":71,"column":17},"end":{"line":79,"column":7}}]},"26":{"type":"branch","line":73,"loc":{"start":{"line":73,"column":21},"end":{"line":77,"column":9}},"locations":[{"start":{"line":73,"column":21},"end":{"line":77,"column":9}}]},"27":{"type":"branch","line":78,"loc":{"start":{"line":78,"column":-1},"end":{"line":79,"column":6}},"locations":[{"start":{"line":78,"column":-1},"end":{"line":79,"column":6}}]}},"b":{"0":[1],"1":[7],"2":[5],"3":[14],"4":[14],"5":[6],"6":[1],"7":[5],"8":[16],"9":[17],"10":[15],"11":[2],"12":[1],"13":[5],"14":[2],"15":[6],"16":[2],"17":[2],"18":[1],"19":[2],"20":[1],"21":[2],"22":[3],"23":[14],"24":[14],"25":[14],"26":[1],"27":[13]},"fnMap":{"0":{"name":"Database","decl":{"start":{"line":5,"column":2},"end":{"line":8,"column":3}},"loc":{"start":{"line":5,"column":2},"end":{"line":8,"column":3}},"line":5},"1":{"name":"create","decl":{"start":{"line":9,"column":2},"end":{"line":20,"column":3}},"loc":{"start":{"line":9,"column":2},"end":{"line":20,"column":3}},"line":9},"2":{"name":"insert","decl":{"start":{"line":21,"column":2},"end":{"line":37,"column":3}},"loc":{"start":{"line":21,"column":2},"end":{"line":37,"column":3}},"line":21},"3":{"name":"select","decl":{"start":{"line":38,"column":2},"end":{"line":61,"column":3}},"loc":{"start":{"line":38,"column":2},"end":{"line":61,"column":3}},"line":38},"4":{"name":"delete","decl":{"start":{"line":62,"column":2},"end":{"line":68,"column":3}},"loc":{"start":{"line":62,"column":2},"end":{"line":68,"column":3}},"line":62},"5":{"name":"execute","decl":{"start":{"line":69,"column":2},"end":{"line":81,"column":3}},"loc":{"start":{"line":69,"column":2},"end":{"line":81,"column":3}},"line":69}},"f":{"0":7,"1":5,"2":6,"3":2,"4":1,"5":14}}
,"/Users/wilsonfaustino/www/cursos/branas.io/Javascript_Masterclass/src/parser.mjs": {"path":"/Users/wilsonfaustino/www/cursos/branas.io/Javascript_Masterclass/src/parser.mjs","all":false,"statementMap":{"0":{"start":{"line":1,"column":0},"end":{"line":1,"column":21}},"1":{"start":{"line":2,"column":0},"end":{"line":2,"column":17}},"2":{"start":{"line":3,"column":0},"end":{"line":3,"column":30}},"3":{"start":{"line":4,"column":0},"end":{"line":4,"column":71}},"4":{"start":{"line":5,"column":0},"end":{"line":5,"column":22}},"5":{"start":{"line":6,"column":0},"end":{"line":6,"column":15}},"6":{"start":{"line":7,"column":0},"end":{"line":7,"column":79}},"7":{"start":{"line":8,"column":0},"end":{"line":8,"column":6}},"8":{"start":{"line":9,"column":0},"end":{"line":9,"column":22}},"9":{"start":{"line":10,"column":0},"end":{"line":10,"column":15}},"10":{"start":{"line":11,"column":0},"end":{"line":11,"column":72}},"11":{"start":{"line":12,"column":0},"end":{"line":12,"column":6}},"12":{"start":{"line":13,"column":0},"end":{"line":13,"column":85}},"13":{"start":{"line":14,"column":0},"end":{"line":14,"column":3}},"14":{"start":{"line":15,"column":0},"end":{"line":15,"column":20}},"15":{"start":{"line":16,"column":0},"end":{"line":16,"column":51}},"16":{"start":{"line":17,"column":0},"end":{"line":17,"column":55}},"17":{"start":{"line":18,"column":0},"end":{"line":18,"column":28}},"18":{"start":{"line":19,"column":0},"end":{"line":19,"column":16}},"19":{"start":{"line":20,"column":0},"end":{"line":20,"column":18}},"20":{"start":{"line":21,"column":0},"end":{"line":21,"column":26}},"21":{"start":{"line":22,"column":0},"end":{"line":22,"column":10}},"22":{"start":{"line":23,"column":0},"end":{"line":23,"column":7}},"23":{"start":{"line":24,"column":0},"end":{"line":24,"column":5}},"24":{"start":{"line":25,"column":0},"end":{"line":25,"column":3}},"25":{"start":{"line":26,"column":0},"end":{"line":26,"column":1}}},"s":{"0":1,"1":1,"2":7,"3":7,"4":7,"5":7,"6":7,"7":7,"8":7,"9":7,"10":7,"11":7,"12":7,"13":7,"14":1,"15":14,"16":27,"17":27,"18":13,"19":13,"20":13,"21":13,"22":13,"23":27,"24":14,"25":1},"branchMap":{"0":{"type":"branch","line":1,"loc":{"start":{"line":1,"column":0},"end":{"line":26,"column":1}},"locations":[{"start":{"line":1,"column":0},"end":{"line":26,"column":1}}]},"1":{"type":"branch","line":2,"loc":{"start":{"line":2,"column":2},"end":{"line":14,"column":3}},"locations":[{"start":{"line":2,"column":2},"end":{"line":14,"column":3}}]},"2":{"type":"branch","line":15,"loc":{"start":{"line":15,"column":2},"end":{"line":25,"column":3}},"locations":[{"start":{"line":15,"column":2},"end":{"line":25,"column":3}}]},"3":{"type":"branch","line":16,"loc":{"start":{"line":16,"column":50},"end":{"line":24,"column":5}},"locations":[{"start":{"line":16,"column":50},"end":{"line":24,"column":5}}]},"4":{"type":"branch","line":18,"loc":{"start":{"line":18,"column":27},"end":{"line":23,"column":7}},"locations":[{"start":{"line":18,"column":27},"end":{"line":23,"column":7}}]},"5":{"type":"branch","line":25,"loc":{"start":{"line":25,"column":-1},"end":{"line":25,"column":2}},"locations":[{"start":{"line":25,"column":-1},"end":{"line":25,"column":2}}]}},"b":{"0":[1],"1":[7],"2":[14],"3":[27],"4":[13],"5":[1]},"fnMap":{"0":{"name":"Parser","decl":{"start":{"line":2,"column":2},"end":{"line":14,"column":3}},"loc":{"start":{"line":2,"column":2},"end":{"line":14,"column":3}},"line":2},"1":{"name":"parse","decl":{"start":{"line":15,"column":2},"end":{"line":25,"column":3}},"loc":{"start":{"line":15,"column":2},"end":{"line":25,"column":3}},"line":15}},"f":{"0":7,"1":14}}
}
