TN:
SF:src/database-error.mjs
FN:2,DatabaseError
FNF:1
FNH:1
FNDA:2,DatabaseError
DA:1,1
DA:2,1
DA:3,2
DA:4,2
DA:5,2
DA:6,1
LF:6
LH:6
BRDA:1,0,0,1
BRDA:2,1,0,2
BRF:2
BRH:2
end_of_record
TN:
SF:src/database.mjs
FN:5,Database
FN:9,create
FN:21,insert
FN:38,select
FN:62,delete
FN:69,execute
FNF:6
FNH:6
FNDA:7,Database
FNDA:5,create
FNDA:6,insert
FNDA:2,select
FNDA:1,delete
FNDA:14,execute
DA:1,1
DA:2,1
DA:3,1
DA:4,1
DA:5,1
DA:6,7
DA:7,7
DA:8,7
DA:9,1
DA:10,5
DA:11,5
DA:12,5
DA:13,5
DA:14,5
DA:15,5
DA:16,5
DA:17,14
DA:18,14
DA:19,14
DA:20,5
DA:21,1
DA:22,6
DA:23,6
DA:24,6
DA:25,6
DA:26,1
DA:27,1
DA:28,1
DA:29,1
DA:30,1
DA:31,5
DA:32,15
DA:33,15
DA:34,5
DA:35,5
DA:36,5
DA:37,6
DA:38,1
DA:39,2
DA:40,2
DA:41,2
DA:42,2
DA:43,1
DA:44,2
DA:45,6
DA:46,6
DA:47,2
DA:48,1
DA:49,1
DA:50,1
DA:51,1
DA:52,1
DA:53,1
DA:54,1
DA:55,1
DA:56,2
DA:57,2
DA:58,1
DA:59,1
DA:60,1
DA:61,2
DA:62,1
DA:63,1
DA:64,1
DA:65,1
DA:66,1
DA:67,1
DA:68,1
DA:69,1
DA:70,14
DA:71,14
DA:72,14
DA:73,14
DA:74,1
DA:75,1
DA:76,1
DA:77,1
DA:78,13
DA:79,14
DA:80,14
DA:81,14
DA:82,1
LF:82
LH:82
BRDA:1,0,0,1
BRDA:5,1,0,7
BRDA:9,2,0,5
BRDA:16,3,0,14
BRDA:11,4,0,14
BRDA:21,5,0,6
BRDA:25,6,0,1
BRDA:31,7,0,5
BRDA:23,8,0,16
BRDA:24,9,0,17
BRDA:31,10,0,15
BRDA:38,11,0,2
BRDA:42,12,0,1
BRDA:40,13,0,5
BRDA:43,14,0,2
BRDA:44,15,0,6
BRDA:51,16,0,2
BRDA:53,17,0,2
BRDA:54,18,0,1
BRDA:55,19,0,2
BRDA:62,20,0,1
BRDA:64,21,0,2
BRDA:66,22,0,3
BRDA:69,23,0,14
BRDA:70,24,0,14
BRDA:71,25,0,14
BRDA:73,26,0,1
BRDA:78,27,0,13
BRF:28
BRH:28
end_of_record
TN:
SF:src/parser.mjs
FN:2,Parser
FN:15,parse
FNF:2
FNH:2
FNDA:7,Parser
FNDA:14,parse
DA:1,1
DA:2,1
DA:3,7
DA:4,7
DA:5,7
DA:6,7
DA:7,7
DA:8,7
DA:9,7
DA:10,7
DA:11,7
DA:12,7
DA:13,7
DA:14,7
DA:15,1
DA:16,14
DA:17,27
DA:18,27
DA:19,13
DA:20,13
DA:21,13
DA:22,13
DA:23,13
DA:24,27
DA:25,14
DA:26,1
LF:26
LH:26
BRDA:1,0,0,1
BRDA:2,1,0,7
BRDA:15,2,0,14
BRDA:16,3,0,27
BRDA:18,4,0,13
BRDA:25,5,0,1
BRF:6
BRH:6
end_of_record
